error activating kdeconnectd: QDBusError("org.freedesktop.DBus.Error.ServiceUnknown", "The name is not activatable")
error activating kdeconnectd: QDBusError("org.freedesktop.DBus.Error.ServiceUnknown", "The name is not activatable")
kdeconnect.interfaces: dbus interface not valid
kdeconnect.interfaces: dbus interface not valid
error activating kdeconnectd: QDBusError("org.freedesktop.DBus.Error.ServiceUnknown", "The name is not activatable")
kdeconnect.interfaces: dbus interface not valid
error activating kdeconnectd: QDBusError("org.freedesktop.DBus.Error.ServiceUnknown", "The name is not activatable")
kdeconnect.interfaces: dbus interface not valid
2025-05-13T17:08:37 kf.coreaddons: The plugin "/nix/store/x9q7ckm8cgsl7sgs3m26kv93r9gs7jgx-system-path/lib/qt-5.15.15/plugins/kdeconnect/kdeconnect_battery.so" explicitly states an 'Id' in the embedded metadata. This value should be removed, the resulting pluginId will not be affected by it
2025-05-13T17:08:37 kf.coreaddons: The plugin "/nix/store/x9q7ckm8cgsl7sgs3m26kv93r9gs7jgx-system-path/lib/qt-5.15.15/plugins/kdeconnect/kdeconnect_notifications.so" explicitly states an 'Id' in the embedded metadata. This value should be removed, the resulting pluginId will not be affected by it
2025-05-13T17:08:37 kf.coreaddons: The plugin "/nix/store/x9q7ckm8cgsl7sgs3m26kv93r9gs7jgx-system-path/lib/qt-5.15.15/plugins/kdeconnect/kdeconnect_bigscreen.so" explicitly states an 'Id' in the embedded metadata. This value should be removed, the resulting pluginId will not be affected by it
2025-05-13T17:08:37 kf.coreaddons: The plugin "/nix/store/x9q7ckm8cgsl7sgs3m26kv93r9gs7jgx-system-path/lib/qt-5.15.15/plugins/kdeconnect/kdeconnect_findthisdevice.so" explicitly states an 'Id' in the embedded metadata. This value should be removed, the resulting pluginId will not be affected by it
2025-05-13T17:08:37 kf.coreaddons: The plugin "/nix/store/x9q7ckm8cgsl7sgs3m26kv93r9gs7jgx-system-path/lib/qt-5.15.15/plugins/kdeconnect/kdeconnect_runcommand.so" explicitly states an 'Id' in the embedded metadata. This value should be removed, the resulting pluginId will not be affected by it
2025-05-13T17:08:37 kf.coreaddons: The plugin "/nix/store/x9q7ckm8cgsl7sgs3m26kv93r9gs7jgx-system-path/lib/qt-5.15.15/plugins/kdeconnect/kdeconnect_photo.so" explicitly states an 'Id' in the embedded metadata. This value should be removed, the resulting pluginId will not be affected by it
2025-05-13T17:08:37 kf.coreaddons: The plugin "/nix/store/x9q7ckm8cgsl7sgs3m26kv93r9gs7jgx-system-path/lib/qt-5.15.15/plugins/kdeconnect/kdeconnect_sftp.so" explicitly states an 'Id' in the embedded metadata. This value should be removed, the resulting pluginId will not be affected by it
2025-05-13T17:08:37 kf.coreaddons: The plugin "/nix/store/x9q7ckm8cgsl7sgs3m26kv93r9gs7jgx-system-path/lib/qt-5.15.15/plugins/kdeconnect/kdeconnect_systemvolume.so" explicitly states an 'Id' in the embedded metadata. This value should be removed, the resulting pluginId will not be affected by it
2025-05-13T17:08:37 kf.coreaddons: The plugin "/nix/store/x9q7ckm8cgsl7sgs3m26kv93r9gs7jgx-system-path/lib/qt-5.15.15/plugins/kdeconnect/kdeconnect_lockdevice.so" explicitly states an 'Id' in the embedded metadata. This value should be removed, the resulting pluginId will not be affected by it
2025-05-13T17:08:37 kf.coreaddons: The plugin "/nix/store/x9q7ckm8cgsl7sgs3m26kv93r9gs7jgx-system-path/lib/qt-5.15.15/plugins/kdeconnect/kdeconnect_share.so" explicitly states an 'Id' in the embedded metadata. This value should be removed, the resulting pluginId will not be affected by it
2025-05-13T17:08:37 kf.coreaddons: The plugin "/nix/store/x9q7ckm8cgsl7sgs3m26kv93r9gs7jgx-system-path/lib/qt-5.15.15/plugins/kdeconnect/kdeconnect_remotekeyboard.so" explicitly states an 'Id' in the embedded metadata. This value should be removed, the resulting pluginId will not be affected by it
2025-05-13T17:08:37 kf.coreaddons: The plugin "/nix/store/x9q7ckm8cgsl7sgs3m26kv93r9gs7jgx-system-path/lib/qt-5.15.15/plugins/kdeconnect/kdeconnect_connectivity_report.so" explicitly states an 'Id' in the embedded metadata. This value should be removed, the resulting pluginId will not be affected by it
2025-05-13T17:08:37 kf.coreaddons: The plugin "/nix/store/x9q7ckm8cgsl7sgs3m26kv93r9gs7jgx-system-path/lib/qt-5.15.15/plugins/kdeconnect/kdeconnect_ping.so" explicitly states an 'Id' in the embedded metadata. This value should be removed, the resulting pluginId will not be affected by it
2025-05-13T17:08:37 kf.coreaddons: The plugin "/nix/store/x9q7ckm8cgsl7sgs3m26kv93r9gs7jgx-system-path/lib/qt-5.15.15/plugins/kdeconnect/kdeconnect_contacts.so" explicitly states an 'Id' in the embedded metadata. This value should be removed, the resulting pluginId will not be affected by it
2025-05-13T17:08:37 kf.coreaddons: The plugin "/nix/store/x9q7ckm8cgsl7sgs3m26kv93r9gs7jgx-system-path/lib/qt-5.15.15/plugins/kdeconnect/kdeconnect_mmtelephony.so" explicitly states an 'Id' in the embedded metadata. This value should be removed, the resulting pluginId will not be affected by it
2025-05-13T17:08:37 kf.coreaddons: The plugin "/nix/store/x9q7ckm8cgsl7sgs3m26kv93r9gs7jgx-system-path/lib/qt-5.15.15/plugins/kdeconnect/kdeconnect_remotecontrol.so" explicitly states an 'Id' in the embedded metadata. This value should be removed, the resulting pluginId will not be affected by it
2025-05-13T17:08:37 kf.coreaddons: The plugin "/nix/store/x9q7ckm8cgsl7sgs3m26kv93r9gs7jgx-system-path/lib/qt-5.15.15/plugins/kdeconnect/kdeconnect_virtualmonitor.so" explicitly states an 'Id' in the embedded metadata. This value should be removed, the resulting pluginId will not be affected by it
2025-05-13T17:08:37 kf.coreaddons: The plugin "/nix/store/x9q7ckm8cgsl7sgs3m26kv93r9gs7jgx-system-path/lib/qt-5.15.15/plugins/kdeconnect/kdeconnect_pausemusic.so" explicitly states an 'Id' in the embedded metadata. This value should be removed, the resulting pluginId will not be affected by it
2025-05-13T17:08:37 kf.coreaddons: The plugin "/nix/store/x9q7ckm8cgsl7sgs3m26kv93r9gs7jgx-system-path/lib/qt-5.15.15/plugins/kdeconnect/kdeconnect_mprisremote.so" explicitly states an 'Id' in the embedded metadata. This value should be removed, the resulting pluginId will not be affected by it
2025-05-13T17:08:37 kf.coreaddons: The plugin "/nix/store/x9q7ckm8cgsl7sgs3m26kv93r9gs7jgx-system-path/lib/qt-5.15.15/plugins/kdeconnect/kdeconnect_presenter.so" explicitly states an 'Id' in the embedded metadata. This value should be removed, the resulting pluginId will not be affected by it
2025-05-13T17:08:37 kf.coreaddons: The plugin "/nix/store/x9q7ckm8cgsl7sgs3m26kv93r9gs7jgx-system-path/lib/qt-5.15.15/plugins/kdeconnect/kdeconnect_remotecommands.so" explicitly states an 'Id' in the embedded metadata. This value should be removed, the resulting pluginId will not be affected by it
2025-05-13T17:08:37 kf.coreaddons: The plugin "/nix/store/x9q7ckm8cgsl7sgs3m26kv93r9gs7jgx-system-path/lib/qt-5.15.15/plugins/kdeconnect/kdeconnect_clipboard.so" explicitly states an 'Id' in the embedded metadata. This value should be removed, the resulting pluginId will not be affected by it
2025-05-13T17:08:37 kf.coreaddons: The plugin "/nix/store/x9q7ckm8cgsl7sgs3m26kv93r9gs7jgx-system-path/lib/qt-5.15.15/plugins/kdeconnect/kdeconnect_sendnotifications.so" explicitly states an 'Id' in the embedded metadata. This value should be removed, the resulting pluginId will not be affected by it
2025-05-13T17:08:37 kf.coreaddons: The plugin "/nix/store/x9q7ckm8cgsl7sgs3m26kv93r9gs7jgx-system-path/lib/qt-5.15.15/plugins/kdeconnect/kdeconnect_mousepad.so" explicitly states an 'Id' in the embedded metadata. This value should be removed, the resulting pluginId will not be affected by it
2025-05-13T17:08:37 kf.coreaddons: The plugin "/nix/store/x9q7ckm8cgsl7sgs3m26kv93r9gs7jgx-system-path/lib/qt-5.15.15/plugins/kdeconnect/kdeconnect_findmyphone.so" explicitly states an 'Id' in the embedded metadata. This value should be removed, the resulting pluginId will not be affected by it
2025-05-13T17:08:37 kf.coreaddons: The plugin "/nix/store/x9q7ckm8cgsl7sgs3m26kv93r9gs7jgx-system-path/lib/qt-5.15.15/plugins/kdeconnect/kdeconnect_remotesystemvolume.so" explicitly states an 'Id' in the embedded metadata. This value should be removed, the resulting pluginId will not be affected by it
2025-05-13T17:08:37 kf.coreaddons: The plugin "/nix/store/x9q7ckm8cgsl7sgs3m26kv93r9gs7jgx-system-path/lib/qt-5.15.15/plugins/kdeconnect/kdeconnect_telephony.so" explicitly states an 'Id' in the embedded metadata. This value should be removed, the resulting pluginId will not be affected by it
2025-05-13T17:08:37 kf.coreaddons: The plugin "/nix/store/x9q7ckm8cgsl7sgs3m26kv93r9gs7jgx-system-path/lib/qt-5.15.15/plugins/kdeconnect/kdeconnect_mpriscontrol.so" explicitly states an 'Id' in the embedded metadata. This value should be removed, the resulting pluginId will not be affected by it
2025-05-13T17:08:37 kf.coreaddons: The plugin "/nix/store/x9q7ckm8cgsl7sgs3m26kv93r9gs7jgx-system-path/lib/qt-5.15.15/plugins/kdeconnect/kdeconnect_screensaver_inhibit.so" explicitly states an 'Id' in the embedded metadata. This value should be removed, the resulting pluginId will not be affected by it
2025-05-13T17:08:37 kf.coreaddons: The plugin "/nix/store/x9q7ckm8cgsl7sgs3m26kv93r9gs7jgx-system-path/lib/qt-5.15.15/plugins/kdeconnect/kdeconnect_sms.so" explicitly states an 'Id' in the embedded metadata. This value should be removed, the resulting pluginId will not be affected by it
2025-05-13T17:08:38 kdeconnect.core: "Omar-Phone"  uses a different protocol version 8 expected 7
error activating kdeconnectd: QDBusError("org.freedesktop.DBus.Error.ServiceUnknown", "The name is not activatable")
error activating kdeconnectd: QDBusError("org.freedesktop.DBus.Error.ServiceUnknown", "The name is not activatable")
2025-05-13T17:09:04 default: "applications.menu"  not found in  QList("/home/omarhanykasban/.config/menus", "/run/current-system/sw/etc/xdg/menus")
2025-05-13T17:09:04 default: virtual QStringList Solid::Backends::UPower::UPowerManager::allDevices()  error:  "org.freedesktop.DBus.Error.ServiceUnknown"
2025-05-13T17:09:04 kdeconnect.plugin.battery: No Primary Battery detected on this system. This may be a bug.
2025-05-13T17:09:04 default: virtual QStringList Solid::Backends::UPower::UPowerManager::allDevices()  error:  "org.freedesktop.DBus.Error.ServiceUnknown"
2025-05-13T17:09:04 kdeconnect.plugin.battery: Total quantity of batteries found:  0
2025-05-13T17:09:04 default: virtual QStringList Solid::Backends::UPower::UPowerManager::allDevices()  error:  "org.freedesktop.DBus.Error.ServiceUnknown"
2025-05-13T17:09:04 kdeconnect.plugin.battery: Primary Battery seems to have been removed. Suspending packets until it is reconnected.
2025-05-13T17:09:04 default: Connecting to deprecated signal QDBusConnectionInterface::serviceOwnerChanged(QString,QString,QString)
2025-05-13T17:09:04 kf.coreaddons: "Could not load plugin from /nix/store/3547nv0plj0q3zkrkzyvi9k9jlp6wx4d-kdeconnect-kde-23.08.5/lib/qt-5.15.15/plugins/kdeconnect/kdeconnect_photo.so: The plugin '/nix/store/3547nv0plj0q3zkrkzyvi9k9jlp6wx4d-kdeconnect-kde-23.08.5/lib/qt-5.15.15/plugins/kdeconnect/kdeconnect_photo.so' uses incompatible Qt library. (5.15.0) [release]"
The Wayland connection broke. Did the Wayland compositor die?
